<?xml version="1.0" encoding="UTF-8"?>
<!-- Generated by org.testng.reporters.JUnitReportReporter -->
<testsuite hostname="AkshaySeeram" failures="0" tests="1" name="com.shoppersStack_testScripts.Verify_User_is_able_to_add_address" time="17.286" errors="0" timestamp="2024-04-07T12:41:21 IST" skipped="0">
  <testcase classname="com.shoppersStack_testScripts.Verify_User_is_able_to_add_address" name="addAddress" time="17.286"/>
</testsuite> <!-- com.shoppersStack_testScripts.Verify_User_is_able_to_add_address -->
