<?xml version="1.0" encoding="UTF-8"?>
<!-- Generated by org.testng.reporters.JUnitReportReporter -->
<testsuite hostname="DESKTOP-AB6BR8M" failures="0" tests="1" name="com.shoppersStack_testScripts.Verify_User_is_able_to_add_address_Test" time="13.895" errors="0" timestamp="2024-04-16T09:45:17 IST" skipped="0">
  <testcase classname="com.shoppersStack_testScripts.Verify_User_is_able_to_add_address_Test" name="addAddress" time="13.895"/>
</testsuite> <!-- com.shoppersStack_testScripts.Verify_User_is_able_to_add_address_Test -->
